\BOOKMARK [0][-]{chapter.1}{\376\377\0001\000\040\000H\000i\000e\000r\000a\000r\000c\000h\000i\000c\000a\000l\000\040\000I\000n\000d\000e\000x}{}% 1
\BOOKMARK [1][-]{section.1.1}{\376\377\0001\000.\0001\000\040\000C\000l\000a\000s\000s\000\040\000H\000i\000e\000r\000a\000r\000c\000h\000y}{chapter.1}% 2
\BOOKMARK [0][-]{chapter.2}{\376\377\0002\000\040\000C\000l\000a\000s\000s\000\040\000I\000n\000d\000e\000x}{}% 3
\BOOKMARK [1][-]{section.2.1}{\376\377\0002\000.\0001\000\040\000C\000l\000a\000s\000s\000\040\000L\000i\000s\000t}{chapter.2}% 4
\BOOKMARK [0][-]{chapter.3}{\376\377\0003\000\040\000F\000i\000l\000e\000\040\000I\000n\000d\000e\000x}{}% 5
\BOOKMARK [1][-]{section.3.1}{\376\377\0003\000.\0001\000\040\000F\000i\000l\000e\000\040\000L\000i\000s\000t}{chapter.3}% 6
\BOOKMARK [0][-]{chapter.4}{\376\377\0004\000\040\000C\000l\000a\000s\000s\000\040\000D\000o\000c\000u\000m\000e\000n\000t\000a\000t\000i\000o\000n}{}% 7
\BOOKMARK [1][-]{section.4.1}{\376\377\0004\000.\0001\000\040\000S\000t\000e\000w\000a\000r\000t\000\040\000C\000l\000a\000s\000s\000\040\000R\000e\000f\000e\000r\000e\000n\000c\000e}{chapter.4}% 8
\BOOKMARK [2][-]{subsection.4.1.1}{\376\377\0004\000.\0001\000.\0001\000\040\000D\000e\000t\000a\000i\000l\000e\000d\000\040\000D\000e\000s\000c\000r\000i\000p\000t\000i\000o\000n}{section.4.1}% 9
\BOOKMARK [2][-]{subsection.4.1.2}{\376\377\0004\000.\0001\000.\0002\000\040\000C\000o\000n\000s\000t\000r\000u\000c\000t\000o\000r\000\040\000\046\000\040\000D\000e\000s\000t\000r\000u\000c\000t\000o\000r\000\040\000D\000o\000c\000u\000m\000e\000n\000t\000a\000t\000i\000o\000n}{section.4.1}% 10
\BOOKMARK [3][-]{subsubsection.4.1.2.1}{\376\377\0004\000.\0001\000.\0002\000.\0001\000\040\000S\000t\000e\000w\000a\000r\000t\000\050\000\051}{subsection.4.1.2}% 11
\BOOKMARK [2][-]{subsection.4.1.3}{\376\377\0004\000.\0001\000.\0003\000\040\000M\000e\000m\000b\000e\000r\000\040\000F\000u\000n\000c\000t\000i\000o\000n\000\040\000D\000o\000c\000u\000m\000e\000n\000t\000a\000t\000i\000o\000n}{section.4.1}% 12
\BOOKMARK [3][-]{subsubsection.4.1.3.1}{\376\377\0004\000.\0001\000.\0003\000.\0001\000\040\000c\000h\000a\000n\000g\000e\000\137\000a\000c\000c\000\137\000c\000a\000l\000l\000b\000a\000c\000k\000\050\000\051}{subsection.4.1.3}% 13
\BOOKMARK [3][-]{subsubsection.4.1.3.2}{\376\377\0004\000.\0001\000.\0003\000.\0002\000\040\000c\000h\000a\000n\000g\000e\000\137\000m\000o\000d\000\137\000c\000a\000l\000l\000b\000a\000c\000k\000\050\000\051}{subsection.4.1.3}% 14
\BOOKMARK [3][-]{subsubsection.4.1.3.3}{\376\377\0004\000.\0001\000.\0003\000.\0003\000\040\000c\000h\000a\000n\000g\000e\000\137\000v\000e\000l\000\137\000c\000a\000l\000l\000b\000a\000c\000k\000\050\000\051}{subsection.4.1.3}% 15
\BOOKMARK [3][-]{subsubsection.4.1.3.4}{\376\377\0004\000.\0001\000.\0003\000.\0004\000\040\000c\000o\000n\000v\000e\000r\000t\000\137\0006\000d\000\137\000t\000o\000\137\0007\000d\000\050\000\051}{subsection.4.1.3}% 16
\BOOKMARK [3][-]{subsubsection.4.1.3.5}{\376\377\0004\000.\0001\000.\0003\000.\0005\000\040\000c\000o\000n\000v\000e\000r\000t\000\137\0007\000d\000\137\000t\000o\000\137\0006\000d\000\050\000\051}{subsection.4.1.3}% 17
\BOOKMARK [3][-]{subsubsection.4.1.3.6}{\376\377\0004\000.\0001\000.\0003\000.\0006\000\040\000e\000n\000a\000b\000l\000e\000\137\000d\000e\000v\000i\000c\000e\000s\000\050\000\051}{subsection.4.1.3}% 18
\BOOKMARK [3][-]{subsubsection.4.1.3.7}{\376\377\0004\000.\0001\000.\0003\000.\0007\000\040\000e\000s\000t\000i\000m\000a\000t\000e\000\137\000b\000a\000s\000e\000\137\000p\000o\000s\000e\000\050\000\051}{subsection.4.1.3}% 19
\BOOKMARK [3][-]{subsubsection.4.1.3.8}{\376\377\0004\000.\0001\000.\0003\000.\0008\000\040\000f\000o\000r\000w\000a\000r\000d\000\137\000k\000i\000n\000e\000m\000a\000t\000i\000c\000s\000\050\000\051}{subsection.4.1.3}% 20
\BOOKMARK [3][-]{subsubsection.4.1.3.9}{\376\377\0004\000.\0001\000.\0003\000.\0009\000\040\000g\000e\000t\000\137\000b\000a\000s\000e\000\137\000p\000o\000s\000e\000\050\000\051}{subsection.4.1.3}% 21
\BOOKMARK [3][-]{subsubsection.4.1.3.10}{\376\377\0004\000.\0001\000.\0003\000.\0001\0000\000\040\000g\000e\000t\000\137\000b\000a\000s\000e\000\137\000v\000e\000l\000\050\000\051}{subsection.4.1.3}% 22
\BOOKMARK [3][-]{subsubsection.4.1.3.11}{\376\377\0004\000.\0001\000.\0003\000.\0001\0001\000\040\000g\000e\000t\000\137\000f\000o\000r\000c\000e\000\137\000f\000e\000e\000d\000b\000a\000c\000k\000\050\000\051}{subsection.4.1.3}% 23
\BOOKMARK [3][-]{subsubsection.4.1.3.12}{\376\377\0004\000.\0001\000.\0003\000.\0001\0002\000\040\000g\000e\000t\000\137\000j\000o\000i\000n\000t\000s\000\137\000p\000o\000s\000\050\000\051}{subsection.4.1.3}% 24
\BOOKMARK [3][-]{subsubsection.4.1.3.13}{\376\377\0004\000.\0001\000.\0003\000.\0001\0003\000\040\000g\000e\000t\000\137\000m\000o\000d\000e\000\050\000\051}{subsection.4.1.3}% 25
\BOOKMARK [3][-]{subsubsection.4.1.3.14}{\376\377\0004\000.\0001\000.\0003\000.\0001\0004\000\040\000i\000n\000i\000t\000\137\000p\000u\000b\000s\000\137\000s\000u\000b\000s\000\050\000\051}{subsection.4.1.3}% 26
\BOOKMARK [3][-]{subsubsection.4.1.3.15}{\376\377\0004\000.\0001\000.\0003\000.\0001\0005\000\040\000i\000n\000i\000t\000\137\000v\000e\000c\000t\000o\000r\000s\000\050\000\051}{subsection.4.1.3}% 27
\BOOKMARK [3][-]{subsubsection.4.1.3.16}{\376\377\0004\000.\0001\000.\0003\000.\0001\0006\000\040\000i\000n\000v\000\137\000J\000\137\0001\000\050\000\051}{subsection.4.1.3}% 28
\BOOKMARK [3][-]{subsubsection.4.1.3.17}{\376\377\0004\000.\0001\000.\0003\000.\0001\0007\000\040\000i\000n\000v\000\137\000J\000\137\0002\000\050\000\051}{subsection.4.1.3}% 29
\BOOKMARK [3][-]{subsubsection.4.1.3.18}{\376\377\0004\000.\0001\000.\0003\000.\0001\0008\000\040\000i\000n\000v\000e\000r\000s\000e\000\137\000j\000a\000c\000o\000b\000i\000a\000n\000\050\000\051}{subsection.4.1.3}% 30
\BOOKMARK [3][-]{subsubsection.4.1.3.19}{\376\377\0004\000.\0001\000.\0003\000.\0001\0009\000\040\000i\000n\000v\000e\000r\000s\000e\000\137\000k\000i\000n\000e\000m\000a\000t\000i\000c\000s\000\050\000\051}{subsection.4.1.3}% 31
\BOOKMARK [3][-]{subsubsection.4.1.3.20}{\376\377\0004\000.\0001\000.\0003\000.\0002\0000\000\040\000j\000o\000y\000\137\000c\000a\000l\000l\000b\000a\000c\000k\000\050\000\051}{subsection.4.1.3}% 32
\BOOKMARK [3][-]{subsubsection.4.1.3.21}{\376\377\0004\000.\0001\000.\0003\000.\0002\0001\000\040\000r\000e\000a\000c\000h\000\137\000s\000e\000t\000p\000o\000i\000n\000t\000\050\000\051\000\040\000[\0001\000/\0002\000]}{subsection.4.1.3}% 33
\BOOKMARK [3][-]{subsubsection.4.1.3.22}{\376\377\0004\000.\0001\000.\0003\000.\0002\0002\000\040\000r\000e\000a\000c\000h\000\137\000s\000e\000t\000p\000o\000i\000n\000t\000\050\000\051\000\040\000[\0002\000/\0002\000]}{subsection.4.1.3}% 34
\BOOKMARK [3][-]{subsubsection.4.1.3.23}{\376\377\0004\000.\0001\000.\0003\000.\0002\0003\000\040\000r\000e\000a\000c\000h\000\137\000s\000e\000t\000p\000o\000i\000n\000t\000\137\000t\000r\000a\000p\000z\000\050\000\051}{subsection.4.1.3}% 35
\BOOKMARK [3][-]{subsubsection.4.1.3.24}{\376\377\0004\000.\0001\000.\0003\000.\0002\0004\000\040\000r\000e\000t\000r\000i\000e\000v\000e\000\137\000p\000a\000r\000a\000m\000s\000\050\000\051}{subsection.4.1.3}% 36
\BOOKMARK [3][-]{subsubsection.4.1.3.25}{\376\377\0004\000.\0001\000.\0003\000.\0002\0005\000\040\000s\000e\000t\000\137\000p\000i\000s\000t\000o\000n\000\137\000p\000o\000s\000\050\000\051}{subsection.4.1.3}% 37
\BOOKMARK [3][-]{subsubsection.4.1.3.26}{\376\377\0004\000.\0001\000.\0003\000.\0002\0006\000\040\000s\000e\000t\000\137\000p\000i\000s\000t\000o\000n\000\137\000v\000e\000l\000\050\000\051}{subsection.4.1.3}% 38
\BOOKMARK [3][-]{subsubsection.4.1.3.27}{\376\377\0004\000.\0001\000.\0003\000.\0002\0007\000\040\000s\000e\000t\000\137\000t\000a\000r\000g\000e\000t\000\137\000v\000e\000l\000\050\000\051\000\040\000[\0001\000/\0002\000]}{subsection.4.1.3}% 39
\BOOKMARK [3][-]{subsubsection.4.1.3.28}{\376\377\0004\000.\0001\000.\0003\000.\0002\0008\000\040\000s\000e\000t\000\137\000t\000a\000r\000g\000e\000t\000\137\000v\000e\000l\000\050\000\051\000\040\000[\0002\000/\0002\000]}{subsection.4.1.3}% 40
\BOOKMARK [3][-]{subsubsection.4.1.3.29}{\376\377\0004\000.\0001\000.\0003\000.\0002\0009\000\040\000s\000e\000t\000p\000o\000i\000n\000t\000\137\000c\000a\000l\000l\000b\000a\000c\000k\000\050\000\051}{subsection.4.1.3}% 41
\BOOKMARK [3][-]{subsubsection.4.1.3.30}{\376\377\0004\000.\0001\000.\0003\000.\0003\0000\000\040\000s\000e\000t\000p\000o\000i\000n\000t\000\137\000t\000r\000a\000p\000z\000\137\000c\000a\000l\000l\000b\000a\000c\000k\000\050\000\051}{subsection.4.1.3}% 42
\BOOKMARK [3][-]{subsubsection.4.1.3.31}{\376\377\0004\000.\0001\000.\0003\000.\0003\0001\000\040\000s\000e\000t\000p\000o\000i\000n\000t\000\137\000v\000e\000l\000\137\000c\000a\000l\000l\000b\000a\000c\000k\000\050\000\051}{subsection.4.1.3}% 43
\BOOKMARK [3][-]{subsubsection.4.1.3.32}{\376\377\0004\000.\0001\000.\0003\000.\0003\0002\000\040\000s\000k\000e\000w\000\137\000m\000a\000t\000r\000i\000x\000\050\000\051}{subsection.4.1.3}% 44
\BOOKMARK [3][-]{subsubsection.4.1.3.33}{\376\377\0004\000.\0001\000.\0003\000.\0003\0003\000\040\000t\000r\000a\000p\000e\000z\000o\000i\000d\000a\000l\000\137\000t\000a\000r\000g\000e\000t\000\050\000\051}{subsection.4.1.3}% 45
\BOOKMARK [3][-]{subsubsection.4.1.3.34}{\376\377\0004\000.\0001\000.\0003\000.\0003\0004\000\040\000t\000r\000a\000p\000e\000z\000o\000i\000d\000a\000l\000\137\000t\000r\000a\000j\000e\000c\000t\000o\000r\000y\000\050\000\051}{subsection.4.1.3}% 46
\BOOKMARK [2][-]{subsection.4.1.4}{\376\377\0004\000.\0001\000.\0004\000\040\000M\000e\000m\000b\000e\000r\000\040\000D\000a\000t\000a\000\040\000D\000o\000c\000u\000m\000e\000n\000t\000a\000t\000i\000o\000n}{section.4.1}% 47
\BOOKMARK [3][-]{subsubsection.4.1.4.1}{\376\377\0004\000.\0001\000.\0004\000.\0001\000\040\000A}{subsection.4.1.4}% 48
\BOOKMARK [3][-]{subsubsection.4.1.4.2}{\376\377\0004\000.\0001\000.\0004\000.\0002\000\040\000a\000c\000c\000\137\000u\000p\000p\000\137\000p\000l\000a\000t}{subsection.4.1.4}% 49
\BOOKMARK [3][-]{subsubsection.4.1.4.3}{\376\377\0004\000.\0001\000.\0004\000.\0003\000\040\000a\000n\000g\000\137\000v\000e\000l\000\137\000u\000p\000p\000\137\000p\000l\000a\000t}{subsection.4.1.4}% 50
\BOOKMARK [3][-]{subsubsection.4.1.4.4}{\376\377\0004\000.\0001\000.\0004\000.\0004\000\040\000a\000t\000t\000\137\000u\000p\000p\000\137\000p\000l\000a\000t}{subsection.4.1.4}% 51
\BOOKMARK [3][-]{subsubsection.4.1.4.5}{\376\377\0004\000.\0001\000.\0004\000.\0005\000\040\000B}{subsection.4.1.4}% 52
\BOOKMARK [3][-]{subsubsection.4.1.4.6}{\376\377\0004\000.\0001\000.\0004\000.\0006\000\040\000b\000a\000s\000e\000\137\000p\000o\000s\000e\000\137}{subsection.4.1.4}% 53
\BOOKMARK [3][-]{subsubsection.4.1.4.7}{\376\377\0004\000.\0001\000.\0004\000.\0007\000\040\000b\000a\000s\000e\000\137\000p\000o\000s\000e\000\137\000g\000t\000\137}{subsection.4.1.4}% 54
\BOOKMARK [3][-]{subsubsection.4.1.4.8}{\376\377\0004\000.\0001\000.\0004\000.\0008\000\040\000b\000a\000s\000e\000\137\000v\000e\000l\000\137}{subsection.4.1.4}% 55
\BOOKMARK [3][-]{subsubsection.4.1.4.9}{\376\377\0004\000.\0001\000.\0004\000.\0009\000\040\000c\000h\000a\000n\000g\000e\000\137\000a\000c\000c\000\137\000s\000u\000b\000\137}{subsection.4.1.4}% 56
\BOOKMARK [3][-]{subsubsection.4.1.4.10}{\376\377\0004\000.\0001\000.\0004\000.\0001\0000\000\040\000c\000h\000a\000n\000g\000e\000\137\000m\000o\000d\000\137\000s\000u\000b\000\137}{subsection.4.1.4}% 57
\BOOKMARK [3][-]{subsubsection.4.1.4.11}{\376\377\0004\000.\0001\000.\0004\000.\0001\0001\000\040\000c\000h\000a\000n\000g\000e\000\137\000v\000e\000l\000\137\000s\000u\000b\000\137}{subsection.4.1.4}% 58
\BOOKMARK [3][-]{subsubsection.4.1.4.12}{\376\377\0004\000.\0001\000.\0004\000.\0001\0002\000\040\000c\000o\000n\000f\000i\000g\000\137\000f\000i\000l\000e\000\137}{subsection.4.1.4}% 59
\BOOKMARK [3][-]{subsubsection.4.1.4.13}{\376\377\0004\000.\0001\000.\0004\000.\0001\0003\000\040\000c\000o\000n\000f\000i\000g\000\137\000s\000t\000e\000w\000a\000r\000t}{subsection.4.1.4}% 60
\BOOKMARK [3][-]{subsubsection.4.1.4.14}{\376\377\0004\000.\0001\000.\0004\000.\0001\0004\000\040\000g\000p\000s\000\137\000u\000p\000p\000\137\000p\000l\000a\000t}{subsection.4.1.4}% 61
\BOOKMARK [3][-]{subsubsection.4.1.4.15}{\376\377\0004\000.\0001\000.\0004\000.\0001\0005\000\040\000i\000n\000i\000t\000\137\000t\000r\000a\000p\000z\000\137}{subsection.4.1.4}% 62
\BOOKMARK [3][-]{subsubsection.4.1.4.16}{\376\377\0004\000.\0001\000.\0004\000.\0001\0006\000\040\000j\000o\000y\000\137\000s\000u\000b\000\137}{subsection.4.1.4}% 63
\BOOKMARK [3][-]{subsubsection.4.1.4.17}{\376\377\0004\000.\0001\000.\0004\000.\0001\0007\000\040\000m\000o\000d\000e\000\137}{subsection.4.1.4}% 64
\BOOKMARK [3][-]{subsubsection.4.1.4.18}{\376\377\0004\000.\0001\000.\0004\000.\0001\0008\000\040\000o\000l\000d\000\137\000t\000i\000m\000e\000\137}{subsection.4.1.4}% 65
\BOOKMARK [3][-]{subsubsection.4.1.4.19}{\376\377\0004\000.\0001\000.\0004\000.\0001\0009\000\040\000p\000i\000s\000t\000o\000n\000s\000\137}{subsection.4.1.4}% 66
\BOOKMARK [3][-]{subsubsection.4.1.4.20}{\376\377\0004\000.\0001\000.\0004\000.\0002\0000\000\040\000p\000i\000s\000t\000o\000n\000s\000\137\000p\000o\000s\000\137}{subsection.4.1.4}% 67
\BOOKMARK [3][-]{subsubsection.4.1.4.21}{\376\377\0004\000.\0001\000.\0004\000.\0002\0001\000\040\000p\000o\000s\000e\000\137\000c\000m\000d\000\137\000p\000u\000b\000\137}{subsection.4.1.4}% 68
\BOOKMARK [3][-]{subsubsection.4.1.4.22}{\376\377\0004\000.\0001\000.\0004\000.\0002\0002\000\040\000p\000o\000s\000e\000\137\000p\000u\000b\000\137}{subsection.4.1.4}% 69
\BOOKMARK [3][-]{subsubsection.4.1.4.23}{\376\377\0004\000.\0001\000.\0004\000.\0002\0003\000\040\000p\000o\000s\000e\000\137\000v\000e\000l\000\137\000p\000u\000b\000\137}{subsection.4.1.4}% 70
\BOOKMARK [3][-]{subsubsection.4.1.4.24}{\376\377\0004\000.\0001\000.\0004\000.\0002\0004\000\040\000q\000f\000\137}{subsection.4.1.4}% 71
\BOOKMARK [3][-]{subsubsection.4.1.4.25}{\376\377\0004\000.\0001\000.\0004\000.\0002\0005\000\040\000q\000i\000\137}{subsection.4.1.4}% 72
\BOOKMARK [3][-]{subsubsection.4.1.4.26}{\376\377\0004\000.\0001\000.\0004\000.\0002\0006\000\040\000s\000e\000t\000p\000o\000i\000n\000t\000\137}{subsection.4.1.4}% 73
\BOOKMARK [3][-]{subsubsection.4.1.4.27}{\376\377\0004\000.\0001\000.\0004\000.\0002\0007\000\040\000s\000e\000t\000p\000o\000i\000n\000t\000\137\000s\000u\000b\000\137}{subsection.4.1.4}% 74
\BOOKMARK [3][-]{subsubsection.4.1.4.28}{\376\377\0004\000.\0001\000.\0004\000.\0002\0008\000\040\000s\000e\000t\000p\000o\000i\000n\000t\000\137\000t\000r\000a\000p\000z\000\137}{subsection.4.1.4}% 75
\BOOKMARK [3][-]{subsubsection.4.1.4.29}{\376\377\0004\000.\0001\000.\0004\000.\0002\0009\000\040\000s\000e\000t\000p\000o\000i\000n\000t\000\137\000v\000e\000l}{subsection.4.1.4}% 76
\BOOKMARK [3][-]{subsubsection.4.1.4.30}{\376\377\0004\000.\0001\000.\0004\000.\0003\0000\000\040\000s\000e\000t\000p\000o\000i\000n\000t\000\137\000v\000e\000l\000\137\000s\000u\000b\000\137}{subsection.4.1.4}% 77
\BOOKMARK [3][-]{subsubsection.4.1.4.31}{\376\377\0004\000.\0001\000.\0004\000.\0003\0001\000\040\000t\000a\000r\000g\000e\000t\000\137}{subsection.4.1.4}% 78
\BOOKMARK [3][-]{subsubsection.4.1.4.32}{\376\377\0004\000.\0001\000.\0004\000.\0003\0002\000\040\000t\000i\000m\000e\000\137}{subsection.4.1.4}% 79
\BOOKMARK [3][-]{subsubsection.4.1.4.33}{\376\377\0004\000.\0001\000.\0004\000.\0003\0003\000\040\000t\000r\000a\000p\000z\000\137\000a\000c\000c\000\137}{subsection.4.1.4}% 80
\BOOKMARK [3][-]{subsubsection.4.1.4.34}{\376\377\0004\000.\0001\000.\0004\000.\0003\0004\000\040\000t\000r\000a\000p\000z\000\137\000i\000n\000i\000t\000i\000a\000l\000i\000z\000a\000t\000i\000o\000n}{subsection.4.1.4}% 81
\BOOKMARK [3][-]{subsubsection.4.1.4.35}{\376\377\0004\000.\0001\000.\0004\000.\0003\0005\000\040\000t\000r\000a\000p\000z\000\137\000m\000a\000x\000\137\000v\000e\000l\000\137}{subsection.4.1.4}% 82
\BOOKMARK [3][-]{subsubsection.4.1.4.36}{\376\377\0004\000.\0001\000.\0004\000.\0003\0006\000\040\000t\000r\000a\000p\000z\000\137\000s\000e\000t\000p\000o\000i\000n\000t\000\137\000s\000u\000b\000\137}{subsection.4.1.4}% 83
\BOOKMARK [0][-]{chapter.5}{\376\377\0005\000\040\000F\000i\000l\000e\000\040\000D\000o\000c\000u\000m\000e\000n\000t\000a\000t\000i\000o\000n}{}% 84
\BOOKMARK [1][-]{section.5.1}{\376\377\0005\000.\0001\000\040\000/\000h\000o\000m\000e\000/\000f\000p\000o\000/\000s\000i\000d\000e\000\137\000p\000r\000o\000j\000e\000c\000t\000s\000/\000S\000t\000e\000w\000a\000r\000t\000/\000c\000o\000n\000t\000r\000o\000l\000l\000e\000r\000\137\000w\000s\000/\000s\000r\000c\000/\000s\000t\000e\000w\000a\000r\000t\000\137\000c\000o\000n\000t\000r\000o\000l\000l\000e\000r\000/\000i\000n\000c\000l\000u\000d\000e\000/\000m\000a\000c\000r\000o\000s\000.\000h\000p\000p\000\040\000F\000i\000l\000e\000\040\000R\000e\000f\000e\000r\000e\000n\000c\000e}{chapter.5}% 85
\BOOKMARK [2][-]{subsection.5.1.1}{\376\377\0005\000.\0001\000.\0001\000\040\000M\000a\000c\000r\000o\000\040\000D\000e\000f\000i\000n\000i\000t\000i\000o\000n\000\040\000D\000o\000c\000u\000m\000e\000n\000t\000a\000t\000i\000o\000n}{section.5.1}% 86
\BOOKMARK [3][-]{subsubsection.5.1.1.1}{\376\377\0005\000.\0001\000.\0001\000.\0001\000\040\000B\000A\000S\000E\000\137\000Z}{subsection.5.1.1}% 87
\BOOKMARK [3][-]{subsubsection.5.1.1.2}{\376\377\0005\000.\0001\000.\0001\000.\0002\000\040\000N\000U\000M\000\137\000P\000I\000S\000T\000O\000N\000S}{subsection.5.1.1}% 88
\BOOKMARK [1][-]{section.5.2}{\376\377\0005\000.\0002\000\040\000/\000h\000o\000m\000e\000/\000f\000p\000o\000/\000s\000i\000d\000e\000\137\000p\000r\000o\000j\000e\000c\000t\000s\000/\000S\000t\000e\000w\000a\000r\000t\000/\000c\000o\000n\000t\000r\000o\000l\000l\000e\000r\000\137\000w\000s\000/\000s\000r\000c\000/\000s\000t\000e\000w\000a\000r\000t\000\137\000c\000o\000n\000t\000r\000o\000l\000l\000e\000r\000/\000i\000n\000c\000l\000u\000d\000e\000/\000s\000t\000e\000w\000a\000r\000t\000\137\000c\000o\000n\000t\000r\000o\000l\000l\000e\000r\000.\000h\000p\000p\000\040\000F\000i\000l\000e\000\040\000R\000e\000f\000e\000r\000e\000n\000c\000e}{chapter.5}% 89
\BOOKMARK [2][-]{subsection.5.2.1}{\376\377\0005\000.\0002\000.\0001\000\040\000M\000a\000c\000r\000o\000\040\000D\000e\000f\000i\000n\000i\000t\000i\000o\000n\000\040\000D\000o\000c\000u\000m\000e\000n\000t\000a\000t\000i\000o\000n}{section.5.2}% 90
\BOOKMARK [3][-]{subsubsection.5.2.1.1}{\376\377\0005\000.\0002\000.\0001\000.\0001\000\040\000N\000\137\000I\000T\000E\000R\000A\000T\000I\000O\000N\000S}{subsection.5.2.1}% 91
\BOOKMARK [0][-]{section*.11}{\376\377\000I\000n\000d\000e\000x}{}% 92
